2018-08-08 21:01:15,371 [Worker-3: Loading available Gradle versions] INFO  c.g.t.t.d.PublishedGradleVersions - Gradle version information cache is out-of-date. Trying to update.
2018-08-08 21:03:42,468 [Worker-3: Creating maven-archetype-quickstart] INFO  o.e.m.c.i.p.ProjectConfigurationManager - Collecting project info '/pom.xml' /home/r3mb00/eclipse-workspace1/projectName/pom.xml
2018-08-08 21:03:43,563 [Worker-3: Creating maven-archetype-quickstart] INFO  o.e.m.c.i.l.LifecycleMappingFactory - Using org.eclipse.m2e.jdt.JarLifecycleMapping lifecycle mapping for MavenProject: com.project:projectName:0.0.1-SNAPSHOT @ /home/r3mb00/eclipse-workspace1/projectName/pom.xml.
2018-08-08 21:03:43,862 [Worker-3: Creating maven-archetype-quickstart] INFO  o.e.m.j.i.AbstractJavaProjectConfigurator - Adding source folder /projectName/src/main/java
2018-08-08 21:03:43,865 [Worker-3: Creating maven-archetype-quickstart] INFO  o.e.m.j.i.AbstractJavaProjectConfigurator - Adding source folder /projectName/src/test/java
2018-08-08 21:03:43,911 [Worker-3: Creating maven-archetype-quickstart] INFO  o.e.m.c.i.p.ProjectConfigurationManager - Imported and configured 1 project(s) in 1 sec
2018-08-08 21:03:44,257 [Worker-11: Building workspace] INFO  o.e.m.c.i.embedder.EclipseLogger - Using 'UTF-8' encoding to copy filtered resources.
2018-08-08 21:03:44,258 [Worker-11: Building workspace] INFO  o.e.m.c.i.embedder.EclipseLogger - skip non existing resourceDirectory /home/r3mb00/eclipse-workspace1/projectName/src/main/resources
2018-08-08 21:03:44,261 [Worker-11: Building workspace] INFO  o.e.m.c.i.embedder.EclipseLogger - Using 'UTF-8' encoding to copy filtered resources.
2018-08-08 21:03:44,261 [Worker-11: Building workspace] INFO  o.e.m.c.i.embedder.EclipseLogger - skip non existing resourceDirectory /home/r3mb00/eclipse-workspace1/projectName/src/test/resources
2018-08-08 21:13:01,883 [Worker-9: Building workspace] INFO  o.e.m.c.i.l.LifecycleMappingFactory - Using org.eclipse.m2e.jdt.JarLifecycleMapping lifecycle mapping for MavenProject: com.project:projectName:0.0.1-SNAPSHOT @ /home/r3mb00/eclipse-workspace1/projectName/pom.xml.
2018-08-08 21:13:02,418 [Worker-9: Building workspace] INFO  o.e.m.c.i.embedder.EclipseLogger - Using 'UTF-8' encoding to copy filtered resources.
2018-08-08 21:13:02,418 [Worker-9: Building workspace] INFO  o.e.m.c.i.embedder.EclipseLogger - skip non existing resourceDirectory /home/r3mb00/eclipse-workspace1/projectName/src/main/resources
2018-08-08 21:13:02,421 [Worker-9: Building workspace] INFO  o.e.m.c.i.embedder.EclipseLogger - Using 'UTF-8' encoding to copy filtered resources.
2018-08-08 21:13:02,422 [Worker-9: Building workspace] INFO  o.e.m.c.i.embedder.EclipseLogger - skip non existing resourceDirectory /home/r3mb00/eclipse-workspace1/projectName/src/test/resources
2018-08-08 21:13:03,792 [Worker-9: Building workspace] INFO  o.e.m.c.i.embedder.EclipseLogger - Using 'UTF-8' encoding to copy filtered resources.
2018-08-08 21:13:03,792 [Worker-9: Building workspace] INFO  o.e.m.c.i.embedder.EclipseLogger - skip non existing resourceDirectory /home/r3mb00/eclipse-workspace1/projectName/src/main/resources
2018-08-08 21:13:03,794 [Worker-9: Building workspace] INFO  o.e.m.c.i.embedder.EclipseLogger - Using 'UTF-8' encoding to copy filtered resources.
2018-08-08 21:13:03,794 [Worker-9: Building workspace] INFO  o.e.m.c.i.embedder.EclipseLogger - skip non existing resourceDirectory /home/r3mb00/eclipse-workspace1/projectName/src/test/resources
2018-08-08 21:20:01,337 [Worker-9: Building workspace] INFO  o.e.m.c.i.l.LifecycleMappingFactory - Using org.eclipse.m2e.jdt.JarLifecycleMapping lifecycle mapping for MavenProject: com.project:projectName:0.0.1-SNAPSHOT @ /home/r3mb00/eclipse-workspace1/projectName/pom.xml.
2018-08-08 21:20:18,985 [Worker-9: Building workspace] INFO  o.e.m.c.i.e.AbstractTransferListenerAdapter - Downloading http://jcenter.bintray.com/org/testng/testng/6.8/testng-6.8.pom
2018-08-08 21:20:19,077 [Worker-9: Building workspace] INFO  o.e.m.c.i.e.AbstractTransferListenerAdapter - Downloaded http://jcenter.bintray.com/org/testng/testng/6.8/testng-6.8.pom
2018-08-08 21:20:19,486 [Worker-9: Building workspace] INFO  o.e.m.c.i.e.AbstractTransferListenerAdapter - Downloading http://jcenter.bintray.com/junit/junit/4.10/junit-4.10.pom
2018-08-08 21:20:19,564 [Worker-9: Building workspace] INFO  o.e.m.c.i.e.AbstractTransferListenerAdapter - Downloaded http://jcenter.bintray.com/junit/junit/4.10/junit-4.10.pom
2018-08-08 21:20:19,671 [Worker-9: Building workspace] INFO  o.e.m.c.i.e.AbstractTransferListenerAdapter - Downloading http://jcenter.bintray.com/org/hamcrest/hamcrest-core/1.1/hamcrest-core-1.1.pom
2018-08-08 21:20:19,753 [Worker-9: Building workspace] INFO  o.e.m.c.i.e.AbstractTransferListenerAdapter - Downloaded http://jcenter.bintray.com/org/hamcrest/hamcrest-core/1.1/hamcrest-core-1.1.pom
2018-08-08 21:20:19,862 [Worker-9: Building workspace] INFO  o.e.m.c.i.e.AbstractTransferListenerAdapter - Downloading http://jcenter.bintray.com/org/hamcrest/hamcrest-parent/1.1/hamcrest-parent-1.1.pom
2018-08-08 21:20:19,969 [Worker-9: Building workspace] INFO  o.e.m.c.i.e.AbstractTransferListenerAdapter - Downloaded http://jcenter.bintray.com/org/hamcrest/hamcrest-parent/1.1/hamcrest-parent-1.1.pom
2018-08-08 21:20:20,097 [Worker-9: Building workspace] INFO  o.e.m.c.i.e.AbstractTransferListenerAdapter - Downloading http://jcenter.bintray.com/com/beust/jcommander/1.27/jcommander-1.27.pom
2018-08-08 21:20:20,194 [Worker-9: Building workspace] INFO  o.e.m.c.i.e.AbstractTransferListenerAdapter - Downloaded http://jcenter.bintray.com/com/beust/jcommander/1.27/jcommander-1.27.pom
2018-08-08 21:20:21,357 [Worker-9: Building workspace] INFO  o.e.m.c.i.e.AbstractTransferListenerAdapter - Downloading http://jcenter.bintray.com/org/testng/testng/6.8/testng-6.8.jar
2018-08-08 21:20:23,255 [Worker-9: Building workspace] INFO  o.e.m.c.i.e.AbstractTransferListenerAdapter - Downloaded http://jcenter.bintray.com/org/testng/testng/6.8/testng-6.8.jar
2018-08-08 21:20:23,685 [Worker-9: Building workspace] INFO  o.e.m.c.i.e.AbstractTransferListenerAdapter - Downloading http://jcenter.bintray.com/com/beust/jcommander/1.27/jcommander-1.27.jar
2018-08-08 21:20:24,629 [Worker-9: Building workspace] INFO  o.e.m.c.i.e.AbstractTransferListenerAdapter - Downloaded http://jcenter.bintray.com/com/beust/jcommander/1.27/jcommander-1.27.jar
2018-08-08 21:20:24,937 [Worker-9: Building workspace] INFO  o.e.m.c.i.embedder.EclipseLogger - Using 'UTF-8' encoding to copy filtered resources.
2018-08-08 21:20:24,938 [Worker-9: Building workspace] INFO  o.e.m.c.i.embedder.EclipseLogger - skip non existing resourceDirectory /home/r3mb00/eclipse-workspace1/projectName/src/main/resources
2018-08-08 21:20:24,947 [Worker-9: Building workspace] INFO  o.e.m.c.i.embedder.EclipseLogger - Using 'UTF-8' encoding to copy filtered resources.
2018-08-08 21:20:24,948 [Worker-9: Building workspace] INFO  o.e.m.c.i.embedder.EclipseLogger - skip non existing resourceDirectory /home/r3mb00/eclipse-workspace1/projectName/src/test/resources
2018-08-08 21:20:26,142 [Worker-6: Building workspace] INFO  o.e.m.c.i.embedder.EclipseLogger - Using 'UTF-8' encoding to copy filtered resources.
2018-08-08 21:20:26,143 [Worker-6: Building workspace] INFO  o.e.m.c.i.embedder.EclipseLogger - skip non existing resourceDirectory /home/r3mb00/eclipse-workspace1/projectName/src/main/resources
2018-08-08 21:20:26,144 [Worker-6: Building workspace] INFO  o.e.m.c.i.embedder.EclipseLogger - Using 'UTF-8' encoding to copy filtered resources.
2018-08-08 21:20:26,145 [Worker-6: Building workspace] INFO  o.e.m.c.i.embedder.EclipseLogger - skip non existing resourceDirectory /home/r3mb00/eclipse-workspace1/projectName/src/test/resources
2018-08-08 21:20:28,478 [Worker-4: Download sources and javadoc] INFO  o.e.m.c.i.e.AbstractTransferListenerAdapter - Downloaded http://jcenter.bintray.com/com/google/code/findbugs/jsr305/1.3.9/jsr305-1.3.9-sources.jar
2018-08-08 21:20:28,495 [Worker-4: Download sources and javadoc] ERROR o.e.m.j.internal.DownloadSourcesJob - Could not download sources for com.google.code.findbugs:jsr305:1.3.9
org.eclipse.core.runtime.CoreException: Could not resolve artifact com.google.code.findbugs:jsr305:jar:sources:1.3.9
	at org.eclipse.m2e.core.internal.embedder.MavenImpl$5.call(MavenImpl.java:776) ~[org.eclipse.m2e.core_1.9.0.20180606-2036.jar:na]
	at org.eclipse.m2e.core.internal.embedder.MavenImpl$5.call(MavenImpl.java:1) ~[org.eclipse.m2e.core_1.9.0.20180606-2036.jar:na]
	at org.eclipse.m2e.core.internal.embedder.MavenExecutionContext.executeBare(MavenExecutionContext.java:177) [org.eclipse.m2e.core_1.9.0.20180606-2036.jar:na]
	at org.eclipse.m2e.core.internal.embedder.MavenExecutionContext.execute(MavenExecutionContext.java:112) [org.eclipse.m2e.core_1.9.0.20180606-2036.jar:na]
	at org.eclipse.m2e.core.internal.embedder.MavenExecutionContext.execute(MavenExecutionContext.java:99) [org.eclipse.m2e.core_1.9.0.20180606-2036.jar:na]
	at org.eclipse.m2e.core.internal.embedder.MavenImpl.resolve(MavenImpl.java:743) [org.eclipse.m2e.core_1.9.0.20180606-2036.jar:na]
	at org.eclipse.m2e.core.internal.embedder.MavenImpl.resolve(MavenImpl.java:720) [org.eclipse.m2e.core_1.9.0.20180606-2036.jar:na]
	at org.eclipse.m2e.jdt.internal.DownloadSourcesJob.download(DownloadSourcesJob.java:279) [org.eclipse.m2e.jdt_1.9.0.20180606-2036.jar:na]
	at org.eclipse.m2e.jdt.internal.DownloadSourcesJob.downloadAttachments(DownloadSourcesJob.java:254) [org.eclipse.m2e.jdt_1.9.0.20180606-2036.jar:na]
	at org.eclipse.m2e.jdt.internal.DownloadSourcesJob.downloadMaven(DownloadSourcesJob.java:221) [org.eclipse.m2e.jdt_1.9.0.20180606-2036.jar:na]
	at org.eclipse.m2e.jdt.internal.DownloadSourcesJob.run(DownloadSourcesJob.java:161) [org.eclipse.m2e.jdt_1.9.0.20180606-2036.jar:na]
	at org.eclipse.m2e.jdt.internal.DownloadSourcesJob$1.call(DownloadSourcesJob.java:137) [org.eclipse.m2e.jdt_1.9.0.20180606-2036.jar:na]
	at org.eclipse.m2e.jdt.internal.DownloadSourcesJob$1.call(DownloadSourcesJob.java:1) [org.eclipse.m2e.jdt_1.9.0.20180606-2036.jar:na]
	at org.eclipse.m2e.core.internal.embedder.MavenExecutionContext.executeBare(MavenExecutionContext.java:177) [org.eclipse.m2e.core_1.9.0.20180606-2036.jar:na]
	at org.eclipse.m2e.core.internal.embedder.MavenExecutionContext.execute(MavenExecutionContext.java:151) [org.eclipse.m2e.core_1.9.0.20180606-2036.jar:na]
	at org.eclipse.m2e.core.internal.embedder.MavenExecutionContext.execute(MavenExecutionContext.java:99) [org.eclipse.m2e.core_1.9.0.20180606-2036.jar:na]
	at org.eclipse.m2e.core.internal.embedder.MavenImpl.execute(MavenImpl.java:1355) [org.eclipse.m2e.core_1.9.0.20180606-2036.jar:na]
	at org.eclipse.m2e.jdt.internal.DownloadSourcesJob.run(DownloadSourcesJob.java:135) [org.eclipse.m2e.jdt_1.9.0.20180606-2036.jar:na]
	at org.eclipse.core.internal.jobs.Worker.run(Worker.java:60) [org.eclipse.core.jobs_3.10.0.v20180427-1454.jar:na]
2018-08-08 21:20:29,169 [Worker-4: Download sources and javadoc] INFO  o.e.m.c.i.e.AbstractTransferListenerAdapter - Downloading http://jcenter.bintray.com/org/testng/testng/6.8/testng-6.8-sources.jar
2018-08-08 21:20:30,617 [Worker-4: Download sources and javadoc] INFO  o.e.m.c.i.e.AbstractTransferListenerAdapter - Downloaded http://jcenter.bintray.com/org/testng/testng/6.8/testng-6.8-sources.jar
2018-08-08 21:20:30,640 [Worker-4: Download sources and javadoc] INFO  o.e.m.j.internal.DownloadSourcesJob - Downloaded sources for org.testng:testng:6.8
2018-08-08 21:20:31,142 [Worker-4: Download sources and javadoc] INFO  o.e.m.c.i.e.AbstractTransferListenerAdapter - Downloaded http://jcenter.bintray.com/org/beanshell/bsh/2.0b4/bsh-2.0b4-sources.jar
2018-08-08 21:20:31,144 [Worker-4: Download sources and javadoc] ERROR o.e.m.j.internal.DownloadSourcesJob - Could not download sources for org.beanshell:bsh:2.0b4
org.eclipse.core.runtime.CoreException: Could not resolve artifact org.beanshell:bsh:jar:sources:2.0b4
	at org.eclipse.m2e.core.internal.embedder.MavenImpl$5.call(MavenImpl.java:776) ~[org.eclipse.m2e.core_1.9.0.20180606-2036.jar:na]
	at org.eclipse.m2e.core.internal.embedder.MavenImpl$5.call(MavenImpl.java:1) ~[org.eclipse.m2e.core_1.9.0.20180606-2036.jar:na]
	at org.eclipse.m2e.core.internal.embedder.MavenExecutionContext.executeBare(MavenExecutionContext.java:177) [org.eclipse.m2e.core_1.9.0.20180606-2036.jar:na]
	at org.eclipse.m2e.core.internal.embedder.MavenExecutionContext.execute(MavenExecutionContext.java:112) [org.eclipse.m2e.core_1.9.0.20180606-2036.jar:na]
	at org.eclipse.m2e.core.internal.embedder.MavenExecutionContext.execute(MavenExecutionContext.java:99) [org.eclipse.m2e.core_1.9.0.20180606-2036.jar:na]
	at org.eclipse.m2e.core.internal.embedder.MavenImpl.resolve(MavenImpl.java:743) [org.eclipse.m2e.core_1.9.0.20180606-2036.jar:na]
	at org.eclipse.m2e.core.internal.embedder.MavenImpl.resolve(MavenImpl.java:720) [org.eclipse.m2e.core_1.9.0.20180606-2036.jar:na]
	at org.eclipse.m2e.jdt.internal.DownloadSourcesJob.download(DownloadSourcesJob.java:279) [org.eclipse.m2e.jdt_1.9.0.20180606-2036.jar:na]
	at org.eclipse.m2e.jdt.internal.DownloadSourcesJob.downloadAttachments(DownloadSourcesJob.java:254) [org.eclipse.m2e.jdt_1.9.0.20180606-2036.jar:na]
	at org.eclipse.m2e.jdt.internal.DownloadSourcesJob.downloadMaven(DownloadSourcesJob.java:221) [org.eclipse.m2e.jdt_1.9.0.20180606-2036.jar:na]
	at org.eclipse.m2e.jdt.internal.DownloadSourcesJob.run(DownloadSourcesJob.java:161) [org.eclipse.m2e.jdt_1.9.0.20180606-2036.jar:na]
	at org.eclipse.m2e.jdt.internal.DownloadSourcesJob$1.call(DownloadSourcesJob.java:137) [org.eclipse.m2e.jdt_1.9.0.20180606-2036.jar:na]
	at org.eclipse.m2e.jdt.internal.DownloadSourcesJob$1.call(DownloadSourcesJob.java:1) [org.eclipse.m2e.jdt_1.9.0.20180606-2036.jar:na]
	at org.eclipse.m2e.core.internal.embedder.MavenExecutionContext.executeBare(MavenExecutionContext.java:177) [org.eclipse.m2e.core_1.9.0.20180606-2036.jar:na]
	at org.eclipse.m2e.core.internal.embedder.MavenExecutionContext.execute(MavenExecutionContext.java:151) [org.eclipse.m2e.core_1.9.0.20180606-2036.jar:na]
	at org.eclipse.m2e.core.internal.embedder.MavenExecutionContext.execute(MavenExecutionContext.java:99) [org.eclipse.m2e.core_1.9.0.20180606-2036.jar:na]
	at org.eclipse.m2e.core.internal.embedder.MavenImpl.execute(MavenImpl.java:1355) [org.eclipse.m2e.core_1.9.0.20180606-2036.jar:na]
	at org.eclipse.m2e.jdt.internal.DownloadSourcesJob.run(DownloadSourcesJob.java:135) [org.eclipse.m2e.jdt_1.9.0.20180606-2036.jar:na]
	at org.eclipse.core.internal.jobs.Worker.run(Worker.java:60) [org.eclipse.core.jobs_3.10.0.v20180427-1454.jar:na]
2018-08-08 21:20:31,376 [Worker-4: Download sources and javadoc] INFO  o.e.m.c.i.e.AbstractTransferListenerAdapter - Downloading http://jcenter.bintray.com/com/beust/jcommander/1.27/jcommander-1.27-sources.jar
2018-08-08 21:20:31,948 [Worker-4: Download sources and javadoc] INFO  o.e.m.c.i.e.AbstractTransferListenerAdapter - Downloaded http://jcenter.bintray.com/com/beust/jcommander/1.27/jcommander-1.27-sources.jar
2018-08-08 21:20:31,970 [Worker-4: Download sources and javadoc] INFO  o.e.m.j.internal.DownloadSourcesJob - Downloaded sources for com.beust:jcommander:1.27
2018-08-08 21:20:32,473 [Worker-16: Building workspace] INFO  o.e.m.c.i.embedder.EclipseLogger - Using 'UTF-8' encoding to copy filtered resources.
2018-08-08 21:20:32,474 [Worker-16: Building workspace] INFO  o.e.m.c.i.embedder.EclipseLogger - skip non existing resourceDirectory /home/r3mb00/eclipse-workspace1/projectName/src/main/resources
2018-08-08 21:20:32,475 [Worker-16: Building workspace] INFO  o.e.m.c.i.embedder.EclipseLogger - Using 'UTF-8' encoding to copy filtered resources.
2018-08-08 21:20:32,475 [Worker-16: Building workspace] INFO  o.e.m.c.i.embedder.EclipseLogger - skip non existing resourceDirectory /home/r3mb00/eclipse-workspace1/projectName/src/test/resources
2018-08-08 21:20:34,917 [Worker-4: Download sources and javadoc] INFO  o.e.m.c.i.e.AbstractTransferListenerAdapter - Downloaded http://jcenter.bintray.com/com/google/code/findbugs/jsr305/1.3.9/jsr305-1.3.9-javadoc.jar
2018-08-08 21:20:34,918 [Worker-4: Download sources and javadoc] ERROR o.e.m.j.internal.DownloadSourcesJob - Could not download javadoc for com.google.code.findbugs:jsr305:1.3.9
org.eclipse.core.runtime.CoreException: Could not resolve artifact com.google.code.findbugs:jsr305:jar:javadoc:1.3.9
	at org.eclipse.m2e.core.internal.embedder.MavenImpl$5.call(MavenImpl.java:776) ~[org.eclipse.m2e.core_1.9.0.20180606-2036.jar:na]
	at org.eclipse.m2e.core.internal.embedder.MavenImpl$5.call(MavenImpl.java:1) ~[org.eclipse.m2e.core_1.9.0.20180606-2036.jar:na]
	at org.eclipse.m2e.core.internal.embedder.MavenExecutionContext.executeBare(MavenExecutionContext.java:177) [org.eclipse.m2e.core_1.9.0.20180606-2036.jar:na]
	at org.eclipse.m2e.core.internal.embedder.MavenExecutionContext.execute(MavenExecutionContext.java:112) [org.eclipse.m2e.core_1.9.0.20180606-2036.jar:na]
	at org.eclipse.m2e.core.internal.embedder.MavenExecutionContext.execute(MavenExecutionContext.java:99) [org.eclipse.m2e.core_1.9.0.20180606-2036.jar:na]
	at org.eclipse.m2e.core.internal.embedder.MavenImpl.resolve(MavenImpl.java:743) [org.eclipse.m2e.core_1.9.0.20180606-2036.jar:na]
	at org.eclipse.m2e.core.internal.embedder.MavenImpl.resolve(MavenImpl.java:720) [org.eclipse.m2e.core_1.9.0.20180606-2036.jar:na]
	at org.eclipse.m2e.jdt.internal.DownloadSourcesJob.download(DownloadSourcesJob.java:279) [org.eclipse.m2e.jdt_1.9.0.20180606-2036.jar:na]
	at org.eclipse.m2e.jdt.internal.DownloadSourcesJob.downloadAttachments(DownloadSourcesJob.java:265) [org.eclipse.m2e.jdt_1.9.0.20180606-2036.jar:na]
	at org.eclipse.m2e.jdt.internal.DownloadSourcesJob.downloadMaven(DownloadSourcesJob.java:221) [org.eclipse.m2e.jdt_1.9.0.20180606-2036.jar:na]
	at org.eclipse.m2e.jdt.internal.DownloadSourcesJob.run(DownloadSourcesJob.java:161) [org.eclipse.m2e.jdt_1.9.0.20180606-2036.jar:na]
	at org.eclipse.m2e.jdt.internal.DownloadSourcesJob$1.call(DownloadSourcesJob.java:137) [org.eclipse.m2e.jdt_1.9.0.20180606-2036.jar:na]
	at org.eclipse.m2e.jdt.internal.DownloadSourcesJob$1.call(DownloadSourcesJob.java:1) [org.eclipse.m2e.jdt_1.9.0.20180606-2036.jar:na]
	at org.eclipse.m2e.core.internal.embedder.MavenExecutionContext.executeBare(MavenExecutionContext.java:177) [org.eclipse.m2e.core_1.9.0.20180606-2036.jar:na]
	at org.eclipse.m2e.core.internal.embedder.MavenExecutionContext.execute(MavenExecutionContext.java:151) [org.eclipse.m2e.core_1.9.0.20180606-2036.jar:na]
	at org.eclipse.m2e.core.internal.embedder.MavenExecutionContext.execute(MavenExecutionContext.java:99) [org.eclipse.m2e.core_1.9.0.20180606-2036.jar:na]
	at org.eclipse.m2e.core.internal.embedder.MavenImpl.execute(MavenImpl.java:1355) [org.eclipse.m2e.core_1.9.0.20180606-2036.jar:na]
	at org.eclipse.m2e.jdt.internal.DownloadSourcesJob.run(DownloadSourcesJob.java:135) [org.eclipse.m2e.jdt_1.9.0.20180606-2036.jar:na]
	at org.eclipse.core.internal.jobs.Worker.run(Worker.java:60) [org.eclipse.core.jobs_3.10.0.v20180427-1454.jar:na]
2018-08-08 21:20:35,173 [Worker-4: Download sources and javadoc] INFO  o.e.m.c.i.e.AbstractTransferListenerAdapter - Downloaded http://jcenter.bintray.com/org/beanshell/bsh/2.0b4/bsh-2.0b4-javadoc.jar
2018-08-08 21:20:35,174 [Worker-4: Download sources and javadoc] ERROR o.e.m.j.internal.DownloadSourcesJob - Could not download javadoc for org.beanshell:bsh:2.0b4
org.eclipse.core.runtime.CoreException: Could not resolve artifact org.beanshell:bsh:jar:javadoc:2.0b4
	at org.eclipse.m2e.core.internal.embedder.MavenImpl$5.call(MavenImpl.java:776) ~[org.eclipse.m2e.core_1.9.0.20180606-2036.jar:na]
	at org.eclipse.m2e.core.internal.embedder.MavenImpl$5.call(MavenImpl.java:1) ~[org.eclipse.m2e.core_1.9.0.20180606-2036.jar:na]
	at org.eclipse.m2e.core.internal.embedder.MavenExecutionContext.executeBare(MavenExecutionContext.java:177) [org.eclipse.m2e.core_1.9.0.20180606-2036.jar:na]
	at org.eclipse.m2e.core.internal.embedder.MavenExecutionContext.execute(MavenExecutionContext.java:112) [org.eclipse.m2e.core_1.9.0.20180606-2036.jar:na]
	at org.eclipse.m2e.core.internal.embedder.MavenExecutionContext.execute(MavenExecutionContext.java:99) [org.eclipse.m2e.core_1.9.0.20180606-2036.jar:na]
	at org.eclipse.m2e.core.internal.embedder.MavenImpl.resolve(MavenImpl.java:743) [org.eclipse.m2e.core_1.9.0.20180606-2036.jar:na]
	at org.eclipse.m2e.core.internal.embedder.MavenImpl.resolve(MavenImpl.java:720) [org.eclipse.m2e.core_1.9.0.20180606-2036.jar:na]
	at org.eclipse.m2e.jdt.internal.DownloadSourcesJob.download(DownloadSourcesJob.java:279) [org.eclipse.m2e.jdt_1.9.0.20180606-2036.jar:na]
	at org.eclipse.m2e.jdt.internal.DownloadSourcesJob.downloadAttachments(DownloadSourcesJob.java:265) [org.eclipse.m2e.jdt_1.9.0.20180606-2036.jar:na]
	at org.eclipse.m2e.jdt.internal.DownloadSourcesJob.downloadMaven(DownloadSourcesJob.java:221) [org.eclipse.m2e.jdt_1.9.0.20180606-2036.jar:na]
	at org.eclipse.m2e.jdt.internal.DownloadSourcesJob.run(DownloadSourcesJob.java:161) [org.eclipse.m2e.jdt_1.9.0.20180606-2036.jar:na]
	at org.eclipse.m2e.jdt.internal.DownloadSourcesJob$1.call(DownloadSourcesJob.java:137) [org.eclipse.m2e.jdt_1.9.0.20180606-2036.jar:na]
	at org.eclipse.m2e.jdt.internal.DownloadSourcesJob$1.call(DownloadSourcesJob.java:1) [org.eclipse.m2e.jdt_1.9.0.20180606-2036.jar:na]
	at org.eclipse.m2e.core.internal.embedder.MavenExecutionContext.executeBare(MavenExecutionContext.java:177) [org.eclipse.m2e.core_1.9.0.20180606-2036.jar:na]
	at org.eclipse.m2e.core.internal.embedder.MavenExecutionContext.execute(MavenExecutionContext.java:151) [org.eclipse.m2e.core_1.9.0.20180606-2036.jar:na]
	at org.eclipse.m2e.core.internal.embedder.MavenExecutionContext.execute(MavenExecutionContext.java:99) [org.eclipse.m2e.core_1.9.0.20180606-2036.jar:na]
	at org.eclipse.m2e.core.internal.embedder.MavenImpl.execute(MavenImpl.java:1355) [org.eclipse.m2e.core_1.9.0.20180606-2036.jar:na]
	at org.eclipse.m2e.jdt.internal.DownloadSourcesJob.run(DownloadSourcesJob.java:135) [org.eclipse.m2e.jdt_1.9.0.20180606-2036.jar:na]
	at org.eclipse.core.internal.jobs.Worker.run(Worker.java:60) [org.eclipse.core.jobs_3.10.0.v20180427-1454.jar:na]
2018-08-08 21:24:56,658 [Worker-4: Building workspace] INFO  o.e.m.c.i.embedder.EclipseLogger - Using 'UTF-8' encoding to copy filtered resources.
2018-08-08 21:24:56,658 [Worker-4: Building workspace] INFO  o.e.m.c.i.embedder.EclipseLogger - skip non existing resourceDirectory /home/r3mb00/eclipse-workspace1/projectName/src/main/resources
2018-08-08 21:24:56,660 [Worker-4: Building workspace] INFO  o.e.m.c.i.embedder.EclipseLogger - Using 'UTF-8' encoding to copy filtered resources.
2018-08-08 21:24:56,660 [Worker-4: Building workspace] INFO  o.e.m.c.i.embedder.EclipseLogger - skip non existing resourceDirectory /home/r3mb00/eclipse-workspace1/projectName/src/test/resources
2018-08-08 21:25:34,341 [Worker-6: Building workspace] INFO  o.e.m.c.i.embedder.EclipseLogger - Using 'UTF-8' encoding to copy filtered resources.
2018-08-08 21:25:34,341 [Worker-6: Building workspace] INFO  o.e.m.c.i.embedder.EclipseLogger - skip non existing resourceDirectory /home/r3mb00/eclipse-workspace1/projectName/src/main/resources
2018-08-08 21:25:34,343 [Worker-6: Building workspace] INFO  o.e.m.c.i.embedder.EclipseLogger - Using 'UTF-8' encoding to copy filtered resources.
2018-08-08 21:25:34,343 [Worker-6: Building workspace] INFO  o.e.m.c.i.embedder.EclipseLogger - skip non existing resourceDirectory /home/r3mb00/eclipse-workspace1/projectName/src/test/resources
2018-08-08 21:25:45,140 [Worker-16: Launching testClass] INFO  o.e.m.c.i.l.LifecycleMappingFactory - Using org.eclipse.m2e.jdt.JarLifecycleMapping lifecycle mapping for MavenProject: com.project:projectName:0.0.1-SNAPSHOT @ /home/r3mb00/eclipse-workspace1/projectName/pom.xml.
2018-08-08 21:25:55,503 [Worker-16: Launching testClass] INFO  o.e.m.c.i.e.AbstractTransferListenerAdapter - Downloading http://jcenter.bintray.com/junit/junit/4.10/junit-4.10.jar
2018-08-08 21:25:56,030 [Worker-16: Launching testClass] INFO  o.e.m.c.i.e.AbstractTransferListenerAdapter - Downloaded http://jcenter.bintray.com/junit/junit/4.10/junit-4.10.jar
2018-08-08 21:25:56,128 [Worker-16: Launching testClass] INFO  o.e.m.c.i.e.AbstractTransferListenerAdapter - Downloading http://jcenter.bintray.com/org/hamcrest/hamcrest-core/1.1/hamcrest-core-1.1.jar
2018-08-08 21:25:56,415 [Worker-16: Launching testClass] INFO  o.e.m.c.i.e.AbstractTransferListenerAdapter - Downloaded http://jcenter.bintray.com/org/hamcrest/hamcrest-core/1.1/hamcrest-core-1.1.jar
2018-08-08 21:25:56,660 [Worker-16: Launching testClass] INFO  o.e.m.c.i.embedder.EclipseLogger - Using 'UTF-8' encoding to copy filtered resources.
2018-08-08 21:25:56,660 [Worker-16: Launching testClass] INFO  o.e.m.c.i.embedder.EclipseLogger - skip non existing resourceDirectory /home/r3mb00/eclipse-workspace1/projectName/src/main/resources
2018-08-08 21:25:56,665 [Worker-16: Launching testClass] INFO  o.e.m.c.i.embedder.EclipseLogger - Using 'UTF-8' encoding to copy filtered resources.
2018-08-08 21:25:56,666 [Worker-16: Launching testClass] INFO  o.e.m.c.i.embedder.EclipseLogger - skip non existing resourceDirectory /home/r3mb00/eclipse-workspace1/projectName/src/test/resources
2018-08-08 21:25:56,963 [Worker-17: Building workspace] INFO  o.e.m.c.i.embedder.EclipseLogger - Using 'UTF-8' encoding to copy filtered resources.
2018-08-08 21:25:56,963 [Worker-17: Building workspace] INFO  o.e.m.c.i.embedder.EclipseLogger - skip non existing resourceDirectory /home/r3mb00/eclipse-workspace1/projectName/src/main/resources
2018-08-08 21:25:56,964 [Worker-17: Building workspace] INFO  o.e.m.c.i.embedder.EclipseLogger - Using 'UTF-8' encoding to copy filtered resources.
2018-08-08 21:25:56,964 [Worker-17: Building workspace] INFO  o.e.m.c.i.embedder.EclipseLogger - skip non existing resourceDirectory /home/r3mb00/eclipse-workspace1/projectName/src/test/resources
2018-08-08 21:25:58,288 [Worker-9: Download sources and javadoc] INFO  o.e.m.c.i.e.AbstractTransferListenerAdapter - Downloading http://jcenter.bintray.com/junit/junit/4.10/junit-4.10-sources.jar
2018-08-08 21:25:59,533 [Worker-9: Download sources and javadoc] INFO  o.e.m.c.i.e.AbstractTransferListenerAdapter - Downloaded http://jcenter.bintray.com/junit/junit/4.10/junit-4.10-sources.jar
2018-08-08 21:25:59,563 [Worker-9: Download sources and javadoc] INFO  o.e.m.j.internal.DownloadSourcesJob - Downloaded sources for junit:junit:4.10
2018-08-08 21:25:59,707 [Worker-9: Download sources and javadoc] INFO  o.e.m.c.i.e.AbstractTransferListenerAdapter - Downloading http://jcenter.bintray.com/org/hamcrest/hamcrest-core/1.1/hamcrest-core-1.1-sources.jar
2018-08-08 21:25:59,801 [Worker-9: Download sources and javadoc] INFO  o.e.m.c.i.e.AbstractTransferListenerAdapter - Downloaded http://jcenter.bintray.com/org/hamcrest/hamcrest-core/1.1/hamcrest-core-1.1-sources.jar
2018-08-08 21:25:59,826 [Worker-9: Download sources and javadoc] INFO  o.e.m.j.internal.DownloadSourcesJob - Downloaded sources for org.hamcrest:hamcrest-core:1.1
2018-08-08 21:25:59,828 [Worker-9: Download sources and javadoc] INFO  o.e.m.j.internal.DownloadSourcesJob - Downloaded sources for junit:junit:4.10
2018-08-08 21:25:59,829 [Worker-9: Download sources and javadoc] INFO  o.e.m.j.internal.DownloadSourcesJob - Downloaded sources for org.hamcrest:hamcrest-core:1.1
2018-08-08 21:25:59,832 [Worker-9: Download sources and javadoc] INFO  o.e.m.j.internal.DownloadSourcesJob - Downloaded sources for junit:junit:4.10
2018-08-08 21:25:59,833 [Worker-9: Download sources and javadoc] INFO  o.e.m.j.internal.DownloadSourcesJob - Downloaded sources for org.hamcrest:hamcrest-core:1.1
2018-08-08 21:25:59,834 [Worker-9: Download sources and javadoc] INFO  o.e.m.j.internal.DownloadSourcesJob - Downloaded sources for junit:junit:4.10
2018-08-08 21:25:59,836 [Worker-9: Download sources and javadoc] INFO  o.e.m.j.internal.DownloadSourcesJob - Downloaded sources for org.hamcrest:hamcrest-core:1.1
2018-08-08 21:25:59,837 [Worker-9: Download sources and javadoc] INFO  o.e.m.j.internal.DownloadSourcesJob - Downloaded sources for junit:junit:4.10
2018-08-08 21:25:59,838 [Worker-9: Download sources and javadoc] INFO  o.e.m.j.internal.DownloadSourcesJob - Downloaded sources for org.hamcrest:hamcrest-core:1.1
2018-08-08 21:26:00,069 [Worker-6: Building workspace] INFO  o.e.m.c.i.embedder.EclipseLogger - Using 'UTF-8' encoding to copy filtered resources.
2018-08-08 21:26:00,079 [Worker-6: Building workspace] INFO  o.e.m.c.i.embedder.EclipseLogger - skip non existing resourceDirectory /home/r3mb00/eclipse-workspace1/projectName/src/main/resources
2018-08-08 21:26:00,087 [Worker-6: Building workspace] INFO  o.e.m.c.i.embedder.EclipseLogger - Using 'UTF-8' encoding to copy filtered resources.
2018-08-08 21:26:00,087 [Worker-6: Building workspace] INFO  o.e.m.c.i.embedder.EclipseLogger - skip non existing resourceDirectory /home/r3mb00/eclipse-workspace1/projectName/src/test/resources
2018-08-08 21:30:35,461 [Worker-6: Building workspace] INFO  o.e.m.c.i.embedder.EclipseLogger - Using 'UTF-8' encoding to copy filtered resources.
2018-08-08 21:30:35,462 [Worker-6: Building workspace] INFO  o.e.m.c.i.embedder.EclipseLogger - skip non existing resourceDirectory /home/r3mb00/eclipse-workspace1/projectName/src/main/resources
2018-08-08 21:30:35,463 [Worker-6: Building workspace] INFO  o.e.m.c.i.embedder.EclipseLogger - Using 'UTF-8' encoding to copy filtered resources.
2018-08-08 21:30:35,463 [Worker-6: Building workspace] INFO  o.e.m.c.i.embedder.EclipseLogger - skip non existing resourceDirectory /home/r3mb00/eclipse-workspace1/projectName/src/test/resources
2018-08-08 21:31:10,272 [Worker-6: Building workspace] INFO  o.e.m.c.i.embedder.EclipseLogger - Using 'UTF-8' encoding to copy filtered resources.
2018-08-08 21:31:10,272 [Worker-6: Building workspace] INFO  o.e.m.c.i.embedder.EclipseLogger - skip non existing resourceDirectory /home/r3mb00/eclipse-workspace1/projectName/src/main/resources
2018-08-08 21:31:10,273 [Worker-6: Building workspace] INFO  o.e.m.c.i.embedder.EclipseLogger - Using 'UTF-8' encoding to copy filtered resources.
2018-08-08 21:31:10,274 [Worker-6: Building workspace] INFO  o.e.m.c.i.embedder.EclipseLogger - skip non existing resourceDirectory /home/r3mb00/eclipse-workspace1/projectName/src/test/resources
